0	2	6	0.0000	0.1902	0.3185	0.3738	0.4296	0.0000	0.0000	0.6705	0.5037	0.8361	0.6765	0.0000	VOC2017\n2.jpg
1	2	6	1.0000	0.7675	0.4545	0.8075	0.5195	0.0000	VOC2017\a9.jpg
2	2	6	0.0000	0.1500	0.3970	0.4720	0.5075	0.0000	VOC2017\2838426683.jpg
3	2	6	0.0000	0.1116	0.0805	0.9008	0.8966	0.0000	VOC2017\nikeValidation1.jpg
4	2	6	1.0000	0.2020	0.3240	0.3920	0.4920	0.0000	1.0000	0.2800	0.5440	0.3260	0.5780	0.0000	1.0000	0.3980	0.7780	0.4840	0.9020	0.0000	VOC2017\a12.jpg
5	2	6	0.0000	0.2940	0.2000	0.5750	0.3840	0.0000	0.0000	0.4610	0.0920	0.5020	0.1160	0.0000	VOC2017\n16.jpg
6	2	6	1.0000	0.1280	0.0853	0.6200	0.5013	1.0000	VOC2017\2450743885.jpg
7	2	6	1.0000	0.3440	0.4752	0.4699	0.6170	0.0000	1.0000	0.3830	0.2872	0.4397	0.3333	0.0000	VOC2017\a13.jpg
8	2	6	1.0000	0.5196	0.0922	0.6020	0.1784	0.0000	VOC2017\a11.jpg
9	2	6	0.0000	0.1333	0.3500	0.8833	0.7556	0.0000	VOC2017\nikeTraining8.jpg
10	2	6	0.0000	0.0360	0.3760	0.1840	0.6053	0.0000	0.0000	0.4660	0.3280	0.5780	0.4720	0.0000	0.0000	0.7240	0.2053	0.9620	0.4267	0.0000	VOC2017\2427198460.jpg
11	2	6	1.0000	0.5180	0.1795	0.8531	0.3595	0.0000	VOC2017\a1.jpg
12	2	6	0.0000	0.4800	0.2454	0.6225	0.2904	0.0000	VOC2017\n10.jpg
13	2	6	0.0000	0.5675	0.5874	0.6556	0.6825	0.0000	VOC2017\n5.jpg
14	2	6	0.0000	0.6311	0.5422	0.8756	0.7200	0.0000	VOC2017\n11.jpg
15	2	6	0.0000	0.0480	0.1040	0.3020	0.2853	0.0000	0.0000	0.3280	0.1093	0.5940	0.2880	0.0000	0.0000	0.6340	0.1093	0.8900	0.2827	0.0000	VOC2017\4416492947.jpg
16	2	6	1.0000	0.5200	0.5733	0.7960	0.8533	1.0000	VOC2017\2451569770.jpg
17	2	6	1.0000	0.4173	0.3280	0.4660	0.3660	0.0000	VOC2017\a2.jpg
18	2	6	1.0000	0.7267	0.3200	0.9067	0.4467	0.0000	VOC2017\3541292073.jpg
19	2	6	1.0000	0.1100	0.0027	0.9700	0.6693	0.0000	VOC2017\2534155497.jpg
20	2	6	1.0000	0.5440	0.3401	0.6360	0.4811	0.0000	VOC2017\4061675184.jpg
21	2	6	1.0000	0.2656	0.2734	0.5219	0.4391	0.0000	1.0000	0.6625	0.3406	0.9203	0.5344	0.0000	1.0000	0.0328	0.8141	0.2094	0.9406	0.0000	VOC2017\a16.jpg
22	2	6	1.0000	0.1807	0.4305	0.3641	0.5474	0.0000	1.0000	0.7160	0.2743	0.8614	0.3788	0.0000	VOC2017\a8.jpg
23	2	6	0.0000	0.3984	0.5930	0.6064	0.7687	0.0000	VOC2017\n1.jpg
24	2	6	0.0000	0.0250	0.1950	0.9825	0.7550	0.0000	VOC2017\3836904950.jpg
25	2	6	0.0000	0.0909	0.5048	0.8273	0.9228	0.0000	VOC2017\2531530868.jpg
26	2	6	1.0000	0.1538	0.1124	0.8365	0.6629	0.0000	VOC2017\390321909.jpg
27	2	6	1.0000	0.0900	0.1467	0.8900	0.7920	0.0000	VOC2017\145074777.jpg
28	2	6	0.0000	0.1060	0.2160	0.8940	0.7813	0.0000	VOC2017\351548830.jpg
29	2	6	0.0000	0.3175	0.2765	0.4095	0.3142	0.0000	VOC2017\n7.jpg
30	2	6	0.0000	0.6720	0.5893	0.8000	0.7013	0.0000	VOC2017\2609822722.jpg
31	2	6	1.0000	0.3613	0.1780	0.4712	0.2644	0.0000	VOC2017\a6.jpg
32	2	6	1.0000	0.1786	0.0905	0.8143	0.6667	0.0000	VOC2017\144503924.jpg
33	2	6	0.0000	0.1260	0.3488	0.3680	0.5267	0.0000	VOC2017\3624592154.jpg
34	2	6	0.0000	0.3060	0.0509	0.3280	0.0988	0.0000	0.0000	0.6640	0.2754	0.6880	0.3413	0.0000	0.0000	0.0100	0.0838	0.0280	0.1347	1.0000	VOC2017\4043571759.jpg
35	2	6	0.0000	0.1920	0.3670	0.8040	0.6862	0.0000	VOC2017\144488978.jpg
36	2	6	0.0000	0.4746	0.1023	0.5361	0.1426	0.0000	0.0000	0.5713	0.8322	0.6104	0.9077	0.0000	VOC2017\lebron5.jpg
37	2	6	0.0000	0.3467	0.7760	0.5093	0.8747	0.0000	VOC2017\n4.jpg
38	2	6	1.0000	0.5296	0.2672	0.5944	0.2984	0.0000	1.0000	0.5907	0.8750	0.6426	0.9078	0.0000	VOC2017\a3.jpg
39	2	6	0.0000	0.6235	0.2063	0.7686	0.2698	0.0000	VOC2017\n21.jpg
40	2	6	0.0000	0.0063	0.0035	0.9925	1.0000	0.0000	VOC2017\nikeTraining1.jpg
41	2	6	1.0000	0.1700	0.1280	0.2640	0.1900	0.0000	1.0000	0.3640	0.1240	0.4600	0.1940	0.0000	1.0000	0.5660	0.1140	0.6380	0.1600	0.0000	1.0000	0.7640	0.1120	0.8340	0.1560	0.0000	1.0000	0.1940	0.5820	0.2520	0.6180	0.0000	1.0000	0.3900	0.5820	0.4540	0.6200	0.0000	1.0000	0.5700	0.6000	0.6560	0.6620	0.0000	1.0000	0.7540	0.5940	0.8420	0.6520	0.0000	VOC2017\4763210295.jpg
42	2	6	1.0000	0.5159	0.2960	0.6196	0.3680	0.0000	VOC2017\a20.jpg
43	2	6	1.0000	0.5448	0.3883	0.6000	0.4198	0.0000	VOC2017\a5.jpg
44	2	6	0.0000	0.0361	0.8720	0.2741	0.9640	0.0000	VOC2017\3892997631.jpg
45	2	6	1.0000	0.6045	0.3060	0.6901	0.3500	0.0000	VOC2017\a4.jpg
46	2	6	1.0000	0.1900	0.1280	0.2820	0.1920	0.0000	1.0000	0.3740	0.1320	0.4620	0.1920	0.0000	1.0000	0.5640	0.1180	0.6300	0.1620	0.0000	1.0000	0.7520	0.1180	0.8180	0.1640	0.0000	1.0000	0.2120	0.5520	0.2660	0.5880	0.0000	1.0000	0.3900	0.5500	0.4540	0.5920	0.0000	1.0000	0.5620	0.5700	0.6460	0.6320	0.0000	1.0000	0.7340	0.5660	0.8140	0.6280	0.0000	VOC2017\4763209871.jpg
47	2	6	0.0000	0.1413	0.4240	0.9691	0.8240	0.0000	VOC2017\3752341982.jpg
48	2	6	1.0000	0.3608	0.4120	0.5323	0.5000	0.0000	VOC2017\4061203382.jpg
49	2	6	0.0000	0.0056	0.3056	0.9944	0.6889	0.0000	VOC2017\nikeTraining4.jpg
50	2	6	0.0000	0.3059	0.1255	0.6961	0.7000	0.0000	VOC2017\n19.jpg
51	2	6	0.0000	0.4300	0.4089	0.7140	0.5974	0.0000	VOC2017\3054222264.jpg
52	2	6	1.0000	0.1580	0.0466	0.7760	0.5945	0.0000	VOC2017\4499338915.jpg
53	2	6	1.0000	0.0480	0.0024	0.9800	0.6683	0.0000	VOC2017\2550056374.jpg
54	2	6	0.0000	0.3780	0.0640	0.9880	0.5147	1.0000	VOC2017\2427200136.jpg
55	2	6	0.0000	0.1509	0.3278	0.8648	0.5958	0.0000	VOC2017\n18.jpg
56	2	6	1.0000	0.4543	0.5914	0.5057	0.6371	0.0000	VOC2017\a14.jpg
57	2	6	0.0000	0.2172	0.5684	0.5062	0.6627	0.0000	0.0000	0.5969	0.6958	0.8250	0.8113	0.0000	VOC2017\n13.jpg
58	2	6	1.0000	0.5520	0.3920	0.6373	0.4320	0.0000	VOC2017\451265524.jpg
59	2	6	0.0000	0.0200	0.1246	0.2340	0.2918	0.0000	0.0000	0.0200	0.4391	0.2360	0.6034	0.0000	0.0000	0.0220	0.7904	0.2220	0.9433	0.0000	0.0000	0.7040	0.1445	0.9560	0.2635	0.0000	0.0000	0.5140	0.5496	0.6440	0.6516	0.0000	0.0000	0.7760	0.6232	0.9440	0.7620	0.0000	VOC2017\4376175015.jpg
60	2	6	0.0000	0.6244	0.1526	0.9231	0.3531	0.0000	VOC2017\lebron.jpg
61	2	6	0.0000	0.1290	0.2420	0.8467	0.5977	0.0000	VOC2017\2891341625.jpg
62	2	6	0.0000	0.3850	0.1588	0.4875	0.2600	0.0000	0.0000	0.5975	0.8175	0.6400	0.8800	0.0000	VOC2017\lebron3.jpg
63	2	6	0.0000	0.1320	0.0813	0.2360	0.1506	0.0000	VOC2017\4731055503.jpg
64	2	6	0.0000	0.2808	0.2600	0.4406	0.2920	0.0000	0.0000	0.1758	0.3900	0.2763	0.4360	0.0000	0.0000	0.1324	0.4180	0.4658	0.5860	0.0000	VOC2017\513620863.jpg
65	2	6	1.0000	0.2000	0.2900	0.8025	0.6440	0.0000	VOC2017\4761260517.jpg
66	2	6	0.0000	0.4676	0.1029	0.5206	0.1235	0.0000	0.0000	0.5941	0.1941	0.6882	0.2353	0.0000	VOC2017\n20.jpg
67	2	6	1.0000	0.8680	0.5900	0.9360	0.7120	0.0000	VOC2017\a15.jpg
68	2	6	0.0000	0.4010	0.5150	0.4585	0.5675	0.0000	VOC2017\lebron4.jpg
69	2	6	1.0000	0.7640	0.5851	0.8940	0.6763	0.0000	VOC2017\a7.jpg
70	2	6	0.0000	0.5030	0.6387	0.5620	0.6792	0.0000	0.0000	0.5820	0.4168	0.6250	0.4573	0.0000	0.0000	0.3100	0.3733	0.4790	0.4678	0.0000	VOC2017\lebron2.jpg
71	2	6	1.0000	0.1820	0.0533	0.8400	0.7013	0.0000	VOC2017\7787186.jpg
72	2	6	1.0000	0.0328	0.3320	0.3299	0.5380	0.0000	VOC2017\3308750600.jpg
73	2	6	0.0000	0.2706	0.2667	0.8529	0.6190	0.0000	VOC2017\355018646.jpg
74	2	6	0.0000	0.2101	0.3333	0.2602	0.3847	0.0000	0.0000	0.6991	0.3300	0.7445	0.3980	0.0000	VOC2017\n8.jpg
75	2	6	1.0000	0.3588	0.2778	0.5824	0.4852	0.0000	VOC2017\a21.jpg
76	2	6	1.0000	0.0860	0.0194	0.2020	0.1011	0.0000	1.0000	0.3280	0.0258	0.4400	0.1032	0.0000	1.0000	0.5740	0.0172	0.6540	0.0710	0.0000	1.0000	0.8140	0.0108	0.8940	0.0731	0.0000	1.0000	0.1020	0.6194	0.1700	0.6667	0.0000	1.0000	0.3460	0.6237	0.4140	0.6731	0.0000	1.0000	0.5700	0.6538	0.6720	0.7290	0.0000	1.0000	0.7900	0.6452	0.8980	0.7247	0.0000	VOC2017\4763847308.jpg
77	2	6	0.0000	0.4176	0.2176	0.4971	0.2500	0.0000	0.0000	0.6088	0.1471	0.6353	0.1676	0.0000	VOC2017\n6.jpg
78	2	6	1.0000	0.0100	0.0115	0.9900	0.8046	0.0000	VOC2017\791925651.jpg
79	2	6	1.0000	0.5614	0.3986	0.6257	0.4443	0.0000	VOC2017\a17.jpg
80	2	6	0.0000	0.0250	0.2425	0.9800	0.7475	0.0000	VOC2017\2855164257.jpg
81	2	6	0.0000	0.2400	0.3222	0.7850	0.5472	0.0000	VOC2017\3168295809.jpg
82	2	6	1.0000	0.8280	0.2754	0.8660	0.3204	1.0000	VOC2017\3732387125.jpg
83	2	6	1.0000	0.0040	0.0028	1.0000	0.9972	0.0000	VOC2017\2553832700.jpg
84	2	6	0.0000	0.2660	0.2192	0.8820	0.6156	0.0000	VOC2017\4316555119.jpg
85	2	6	0.0000	0.0020	0.1368	0.9980	0.9670	0.0000	VOC2017\3361771335.jpg
86	2	6	0.0000	0.0020	0.0054	1.0000	0.9946	0.0000	VOC2017\2584787090.jpg
87	2	6	1.0000	0.0860	0.0258	0.1980	0.0989	0.0000	1.0000	0.3240	0.0258	0.4400	0.1054	0.0000	1.0000	0.5740	0.0151	0.6540	0.0710	0.0000	1.0000	0.8080	0.0129	0.8940	0.0710	0.0000	1.0000	0.0940	0.6151	0.1700	0.6667	0.0000	1.0000	0.3400	0.6237	0.4160	0.6731	0.0000	1.0000	0.5680	0.6516	0.6720	0.7290	0.0000	1.0000	0.7920	0.6452	0.8980	0.7269	0.0000	VOC2017\4763207899.jpg
88	2	6	0.0000	0.0222	0.3167	1.0000	0.6889	0.0000	VOC2017\nikeTraining2.jpg
89	2	6	0.0000	0.3575	0.2625	0.6250	0.4100	0.0000	VOC2017\n14.jpg
90	2	6	1.0000	0.2620	0.2343	0.4180	0.3579	0.0000	1.0000	0.4240	0.2343	0.5760	0.3557	0.0000	1.0000	0.5880	0.2364	0.7460	0.3579	0.0000	1.0000	0.2620	0.3861	0.4200	0.5076	0.0000	1.0000	0.4260	0.3861	0.5760	0.5141	0.0000	1.0000	0.5900	0.3883	0.7440	0.5119	0.0000	1.0000	0.2600	0.5510	0.4160	0.6725	0.0000	1.0000	0.4240	0.5553	0.5780	0.6790	0.0000	1.0000	0.5880	0.5531	0.7460	0.6811	0.0000	1.0000	0.2620	0.6985	0.4180	0.8265	0.0000	1.0000	0.4260	0.7072	0.5740	0.8330	0.0000	1.0000	0.5880	0.7072	0.7500	0.8373	0.0000	VOC2017\3294282629.jpg
91	2	6	0.0000	0.0500	0.1364	0.9520	0.8636	0.0000	VOC2017\4573390606.jpg
92	2	6	0.0000	0.2880	0.2294	0.4480	0.6514	0.0000	0.0000	0.5480	0.2936	0.6380	0.5505	0.0000	0.0000	0.7640	0.3303	0.9240	0.6055	0.0000	VOC2017\1597577216.jpg
93	2	6	0.0000	0.5840	0.5085	0.8164	0.6548	0.0000	VOC2017\n12.jpg
94	2	6	0.0000	0.4920	0.6540	0.6150	0.7180	0.0000	VOC2017\n3.jpg
95	2	6	1.0000	0.5368	0.1946	0.6828	0.2856	0.0000	VOC2017\a22.jpg
96	2	6	1.0000	0.4940	0.2240	0.5660	0.2740	0.0000	1.0000	0.2820	0.3100	0.3520	0.3640	0.0000	VOC2017\a10.jpg
97	2	6	0.0000	0.2178	0.2427	0.4016	0.2973	0.0000	VOC2017\n9.jpg
98	2	6	0.0000	0.6347	0.7840	0.6860	0.8340	0.0000	0.0000	0.3833	0.2213	0.6500	0.3513	0.0000	VOC2017\n15.jpg
99	2	6	1.0000	0.3893	0.6580	0.6240	0.7920	0.0000	VOC2017\1230939811.jpg
100	2	6	0.0000	0.0487	0.1129	0.0756	0.1460	0.0000	0.0000	0.1412	0.1129	0.1681	0.1433	0.0000	0.0000	0.2319	0.1157	0.2605	0.1433	0.0000	0.0000	0.3244	0.1157	0.3496	0.1405	0.0000	0.0000	0.4151	0.1185	0.4420	0.1433	0.0000	0.0000	0.5025	0.1129	0.5328	0.1433	0.0000	0.0000	0.5950	0.1157	0.6235	0.1433	0.0000	0.0000	0.6874	0.1157	0.7160	0.1433	0.0000	0.0000	0.7782	0.1157	0.8034	0.1405	0.0000	0.0000	0.0504	0.5234	0.0790	0.5510	0.0000	0.0000	0.1412	0.5234	0.1697	0.5510	0.0000	0.0000	0.2336	0.5234	0.2605	0.5510	0.0000	0.0000	0.3244	0.5262	0.3513	0.5510	0.0000	0.0000	0.4134	0.5234	0.4437	0.5510	0.0000	0.0000	0.5042	0.5262	0.5328	0.5537	0.0000	0.0000	0.5916	0.5207	0.6235	0.5537	0.0000	0.0000	0.6874	0.5262	0.7143	0.5510	0.0000	0.0000	0.7782	0.5234	0.8050	0.5510	0.0000	VOC2017\n22.jpg
101	2	6	1.0000	0.3900	0.1627	0.5180	0.2747	0.0000	VOC2017\4061203190.jpg
102	2	6	1.0000	0.5042	0.3007	0.6771	0.3986	0.0000	VOC2017\a18.jpg
103	2	6	0.0000	0.3860	0.6306	0.5960	0.7538	0.0000	0.0000	0.6240	0.1652	0.6440	0.2042	0.0000	VOC2017\3948869874.jpg
104	2	6	1.0000	0.7390	0.2831	0.8510	0.3909	0.0000	1.0000	0.5760	0.1312	0.6690	0.2376	0.0000	1.0000	0.3120	0.1340	0.4010	0.2334	0.0000	1.0000	0.0650	0.2901	0.1850	0.4033	0.0000	1.0000	0.3960	0.2762	0.5080	0.3826	0.0000	1.0000	0.2920	0.6077	0.3780	0.7182	0.0000	1.0000	0.5750	0.6202	0.6650	0.7182	0.0000	VOC2017\a19.jpg
105	2	6	1.0000	0.0780	0.0293	0.5880	0.4347	0.0000	VOC2017\2403699729.jpg
106	2	6	1.0000	0.0400	0.3880	0.6640	0.7020	0.0000	VOC2017\4336482746.jpg
107	2	6	0.0000	0.8200	0.2933	0.9140	0.3627	0.0000	VOC2017\605288903.jpg
