0	2	6	0.0000	0.0046	0.0677	1.0000	0.9138	0.0000	VOC2018\15.jpg
1	2	6	1.0000	0.0286	0.0229	0.9581	0.9143	0.0000	VOC2018\21.jpg
2	2	6	0.0000	0.0855	0.1616	0.9362	0.9076	0.0000	VOC2018\14.jpg
3	2	6	0.0000	0.0489	0.0889	0.9556	0.9156	0.0000	VOC2018\1.jpg
4	2	6	0.0000	0.0400	0.0133	0.9467	0.9556	0.0000	VOC2018\2.jpg
5	2	6	1.0000	0.0089	0.0089	0.9911	0.9556	0.0000	VOC2018\33.jpg
6	2	6	1.0000	0.5643	0.0878	0.8686	0.4540	0.0000	1.0000	0.4286	0.4176	0.8100	0.9293	0.0000	1.0000	0.0971	0.2527	0.4286	0.6702	0.0000	VOC2018\39.jpg
7	2	6	1.0000	0.0013	0.0013	0.9988	1.0000	0.0000	VOC2018\25.jpg
8	2	6	1.0000	0.0014	0.0014	1.0000	0.9986	0.0000	VOC2018\24.jpg
9	2	6	1.0000	0.0278	0.0709	0.9696	0.9266	0.0000	VOC2018\36.jpg
10	2	6	0.0000	0.2750	0.2446	0.6933	0.4977	0.0000	VOC2018\6.jpg
11	2	6	0.0000	0.0040	0.0050	0.9920	1.0000	0.0000	VOC2018\19.jpg
12	2	6	0.0000	0.0084	0.0141	1.0000	0.9812	0.0000	VOC2018\3.jpg
13	2	6	0.0000	0.1165	0.3343	0.8738	0.9657	0.0000	VOC2018\13.jpg
14	2	6	0.0000	0.4420	0.1139	0.9320	0.7079	0.0000	0.0000	0.0840	0.3540	0.5500	0.9356	0.0000	VOC2018\8.jpg
15	2	6	1.0000	0.2983	0.1317	0.7000	0.8587	0.0000	VOC2018\27.jpg
16	2	6	0.0000	0.4245	0.1582	0.5898	0.2939	0.0000	0.0000	0.0911	0.4102	0.2643	0.5479	0.0000	0.0000	0.3281	0.4863	0.4896	0.6172	0.0000	0.0000	0.7305	0.4043	0.8919	0.5322	0.0000	0.0000	0.5208	0.6543	0.6849	0.7822	0.0000	VOC2018\10.jpg
17	2	6	1.0000	0.1760	0.1460	0.8320	0.8500	0.0000	VOC2018\37.jpg
18	2	6	0.0000	0.1864	0.0879	0.7841	0.8545	0.0000	VOC2018\7.jpg
19	2	6	1.0000	0.0261	0.0490	0.9722	0.9461	0.0000	VOC2018\28.jpg
20	2	6	0.0000	0.1640	0.2440	0.8020	0.8060	0.0000	VOC2018\17.jpg
21	2	6	0.0000	0.1709	0.3131	0.8291	0.8994	0.0000	VOC2018\16.jpg
22	2	6	1.0000	0.0075	0.0954	0.9950	0.9962	0.0000	VOC2018\32.jpg
23	2	6	0.0000	0.0708	0.3975	0.3215	0.7418	0.0000	0.0000	0.3600	0.0635	0.6385	0.4303	0.0000	0.0000	0.6508	0.3750	0.8908	0.7111	0.0000	0.0000	0.3846	0.6332	0.6246	0.9631	0.0000	VOC2018\9.jpg
24	2	6	1.0000	0.0298	0.1120	0.4947	0.7786	0.0000	1.0000	0.4684	0.1323	0.9667	0.8168	0.0000	VOC2018\40.jpg
25	2	6	0.0000	0.0673	0.2462	0.6765	0.8100	0.0000	0.0000	0.8076	0.0600	0.8536	0.1175	0.0000	0.0000	0.6860	0.1187	0.7344	0.1550	0.0000	0.0000	0.6116	0.2062	0.6682	0.2675	0.0000	0.0000	0.4368	0.1025	0.5289	0.1812	0.0000	VOC2018\18.jpg
26	2	6	1.0000	0.0010	0.0010	0.9990	1.0000	0.0000	VOC2018\22.jpg
27	2	6	1.0000	0.0042	0.0047	0.9958	1.0000	0.0000	VOC2018\23.jpg
28	2	6	1.0000	0.6711	0.1090	0.9893	0.5291	0.0000	1.0000	0.7941	0.6429	0.9340	0.8281	0.0000	1.0000	0.3975	0.3717	0.8449	0.8947	0.0000	1.0000	0.4920	0.1017	0.6872	0.3620	0.0000	1.0000	0.3520	0.2385	0.4394	0.3523	0.0000	1.0000	0.0107	0.1186	0.5214	0.8002	0.0000	VOC2018\30.jpg
29	2	6	0.0000	0.0767	0.1006	0.9153	0.8514	0.0000	VOC2018\11.jpg
30	2	6	0.0000	0.4133	0.0178	0.7022	0.2800	0.0000	0.0000	0.0133	0.0222	0.3689	0.3422	0.0000	0.0000	0.2533	0.2711	0.5556	0.5644	0.0000	0.0000	0.5644	0.3644	0.9244	0.6889	0.0000	0.0000	0.3333	0.6133	0.6222	0.8756	0.0000	0.0000	0.6400	0.6978	0.9422	0.9867	0.0000	VOC2018\4.jpg
31	2	6	1.0000	0.3107	0.2111	0.6893	0.6519	0.0000	VOC2018\31.jpg
32	2	6	1.0000	0.1200	0.3378	0.5067	0.7289	0.0000	1.0000	0.4622	0.4756	0.8533	0.8578	0.0000	VOC2018\38.jpg
33	2	6	0.0000	0.3769	0.0922	0.6538	0.4488	0.0000	0.0000	0.1138	0.3873	0.3708	0.7213	0.0000	0.0000	0.3662	0.6209	0.6138	0.9693	0.0000	0.0000	0.6631	0.4119	0.9031	0.7480	0.0000	VOC2018\5.jpg
34	2	6	1.0000	0.2975	0.1349	0.7000	0.8508	0.0000	VOC2018\29.jpg
35	2	6	1.0000	0.1200	0.1156	0.8844	0.8844	0.0000	VOC2018\26.jpg
36	2	6	0.0000	0.1967	0.0033	0.7700	0.5833	0.0000	0.0000	0.0867	0.4967	0.1900	0.6067	0.0000	0.0000	0.7700	0.5167	0.8800	0.6167	0.0000	0.0000	0.6700	0.8800	0.7733	0.9733	0.0000	0.0000	0.2167	0.8933	0.3267	0.9933	0.0000	VOC2018\20.jpg
37	2	6	1.0000	0.1356	0.0213	0.8689	0.6851	0.0000	1.0000	0.0267	0.7532	0.2067	0.9277	0.0000	1.0000	0.2778	0.7532	0.4667	0.9213	0.0000	1.0000	0.5311	0.7532	0.7133	0.9213	0.0000	1.0000	0.7822	0.7532	0.9622	0.9255	0.0000	VOC2018\34.jpg
38	2	6	0.0000	0.0051	0.0039	0.3807	0.2431	0.0000	0.0000	0.6142	0.0039	1.0000	0.2549	0.0000	0.0000	0.1320	0.2078	0.8680	0.6941	0.0000	0.0000	0.0051	0.6588	0.5025	1.0000	0.0000	0.0000	0.5025	0.6706	0.9949	1.0000	0.0000	VOC2018\12.jpg
39	2	6	1.0000	0.0252	0.0064	0.3050	0.2681	0.0000	1.0000	0.3532	0.0085	0.6376	0.2702	0.0000	1.0000	0.6835	0.0085	0.9656	0.2723	0.0000	1.0000	0.0252	0.3128	0.3050	0.5723	0.0000	1.0000	0.3578	0.3149	0.6376	0.5787	0.0000	1.0000	0.6858	0.3128	0.9610	0.5766	0.0000	1.0000	0.7087	0.6638	0.9885	0.9298	0.0000	1.0000	0.3532	0.6617	0.6376	0.9277	0.0000	1.0000	0.0229	0.6660	0.3028	0.9255	0.0000	VOC2018\35.jpg
